version 2
JvmtiExport can_access_local_variables 0
JvmtiExport can_hotswap_or_post_breakpoint 1
JvmtiExport can_post_on_exceptions 0
# 205 ciObject found
instanceKlass com/google/inject/internal/asm/$MethodWriter
ciMethod com/google/inject/internal/asm/$AnnotationWriter computeAnnotationsSize (Ljava/lang/String;)I 0 0 1 0 -1
ciMethod com/google/inject/internal/asm/$AnnotationWriter putAnnotations (ILcom/google/inject/internal/asm/$ByteVector;)V 0 0 1 0 -1
ciMethod com/google/inject/internal/asm/$MethodWriter putMethodInfo (Lcom/google/inject/internal/asm/$ByteVector;)V 1024 0 770 0 -1
ciMethod com/google/inject/internal/asm/$SymbolTable getSource ()Lcom/google/inject/internal/asm/$ClassReader; 0 0 1 0 -1
ciMethod com/google/inject/internal/asm/$SymbolTable getMajorVersion ()I 290 0 145 0 -1
ciMethod com/google/inject/internal/asm/$SymbolTable addConstantUtf8 (Ljava/lang/String;)I 598 104 8224 0 -1
ciMethod com/google/inject/internal/asm/$ByteVector putShort (I)Lcom/google/inject/internal/asm/$ByteVector; 1024 0 5735 0 -1
ciMethod com/google/inject/internal/asm/$ByteVector putInt (I)Lcom/google/inject/internal/asm/$ByteVector; 786 0 3873 0 -1
ciMethod com/google/inject/internal/asm/$ByteVector putByteArray ([BII)Lcom/google/inject/internal/asm/$ByteVector; 512 0 1347 0 -1
ciMethod com/google/inject/internal/asm/$Attribute getAttributeCount ()I 0 0 1 0 -1
ciMethod com/google/inject/internal/asm/$Attribute computeAttributesSize (Lcom/google/inject/internal/asm/$SymbolTable;[BIII)I 0 0 1 0 -1
ciMethod com/google/inject/internal/asm/$Attribute putAttributes (Lcom/google/inject/internal/asm/$SymbolTable;[BIIILcom/google/inject/internal/asm/$ByteVector;)V 0 0 1 0 -1
ciMethod com/google/inject/internal/asm/$Attribute putAttributes (Lcom/google/inject/internal/asm/$SymbolTable;IILcom/google/inject/internal/asm/$ByteVector;)V 1024 0 1160 0 -1
ciMethod com/google/inject/internal/asm/$Handler getExceptionTableLength (Lcom/google/inject/internal/asm/$Handler;)I 780 0 2310 0 -1
ciMethod com/google/inject/internal/asm/$Handler getExceptionTableSize (Lcom/google/inject/internal/asm/$Handler;)I 1024 0 1540 0 -1
ciMethod com/google/inject/internal/asm/$Handler putExceptionTable (Lcom/google/inject/internal/asm/$Handler;Lcom/google/inject/internal/asm/$ByteVector;)V 1024 0 774 0 -1
ciMethodData com/google/inject/internal/asm/$SymbolTable addConstantUtf8 (Ljava/lang/String;)I 2 7925 orig 80 0 0 0 0 0 0 0 0 0 0 0 0 48 0 0 0 0 0 0 0 0 0 0 0 0 0 0 0 0 0 0 0 0 0 0 0 0 0 0 0 0 0 0 0 0 0 0 0 0 0 0 0 0 0 0 0 0 0 0 0 0 0 0 0 0 0 0 0 0 0 0 0 0 0 0 0 0 0 0 0 data 58 0x20002 0x1ef5 0x80002 0x1ef5 0xd0007 0x140b 0xd0 0xf8e 0x150007 0x39b 0x98 0xbf3 0x1d0007 0x109 0x78 0xaea 0x250005 0xaea 0x0 0x0 0x0 0x0 0x0 0x280007 0x0 0x20 0xaea 0x350003 0x4a4 0xffffffffffffff48 0x3d0005 0x0 0x0 0x7f9878493c78 0x140b 0x0 0x0 0x410005 0x0 0x0 0x7f9878493c78 0x140b 0x0 0x0 0x580002 0x140b 0x5b0002 0x140b 0x0 0x0 0x0 0x0 0x0 0x0 0x9 0x2 0x0 0x0 oops 2 33 com/google/inject/internal/asm/$ByteVector 40 com/google/inject/internal/asm/$ByteVector methods 0
ciMethodData com/google/inject/internal/asm/$ByteVector putShort (I)Lcom/google/inject/internal/asm/$ByteVector; 2 5223 orig 80 0 0 0 0 0 0 0 0 0 0 0 0 153 127 0 0 0 0 0 0 0 0 0 0 0 0 0 0 0 0 0 0 0 0 0 0 0 0 0 0 0 0 0 0 0 0 0 0 0 0 0 0 0 0 0 0 0 0 0 0 0 0 0 0 0 0 0 0 0 0 0 0 0 0 0 0 0 0 0 0 data 14 0xd0007 0x1468 0x30 0x0 0x120002 0x0 0x0 0x0 0x0 0x0 0x9 0x2 0x0 0x0 oops 0 methods 0
ciMethodData com/google/inject/internal/asm/$ByteVector putInt (I)Lcom/google/inject/internal/asm/$ByteVector; 2 3480 orig 80 0 0 0 0 0 0 0 0 0 0 0 0 48 0 0 0 0 0 0 0 0 0 0 0 0 0 0 0 0 0 0 0 0 0 0 0 0 0 0 0 0 0 0 0 0 0 0 0 0 0 0 0 0 0 0 0 0 0 0 0 0 0 0 0 0 0 0 0 0 0 0 0 0 0 0 0 0 0 0 0 data 14 0xd0007 0xd8b 0x30 0xd 0x120002 0xd 0x0 0x0 0x0 0x0 0x9 0x2 0x0 0x0 oops 0 methods 0
ciMethodData com/google/inject/internal/asm/$Handler getExceptionTableLength (Lcom/google/inject/internal/asm/$Handler;)I 2 1920 orig 80 0 0 0 0 0 0 0 0 0 0 0 0 48 0 0 0 0 0 0 0 0 0 0 0 0 0 0 0 0 0 0 0 0 0 0 0 0 0 0 0 0 0 0 0 0 0 0 0 0 0 0 0 0 0 0 0 0 0 0 0 0 0 0 0 0 0 0